Using pre-set license
Built from '2020.2/staging' branch; Version is '2020.2.3f1 (8ff31bc5bf5b) revision 9433883'; Using compiler version '192528614'; Build Type 'Release'
OS: 'Windows 10 Home; OS build 18363.1316; Version 1909; 64bit' Language: 'en' Physical Memory: 32617 MB
BatchMode: 1, IsHumanControllingUs: 0, StartBugReporterOnCrash: 0, Is64bit: 1, IsPro: 0

 COMMAND LINE ARGUMENTS:
C:\Program Files\Unity\Hub\Editor\2020.2.3f1\Editor\Unity.exe
-adb2
-batchMode
-noUpm
-name
AssetImportWorker0
-projectPath
C:/Users/phili/OneDrive/Documents/Github/GE2-2020-2021/Game Engines 2 Examples 2021
-logFile
Logs/AssetImportWorker0.log
-srvPort
51037
Successfully changed project path to: C:/Users/phili/OneDrive/Documents/Github/GE2-2020-2021/Game Engines 2 Examples 2021
C:/Users/phili/OneDrive/Documents/Github/GE2-2020-2021/Game Engines 2 Examples 2021
Using Asset Import Pipeline V2.
Refreshing native plugins compatible for Editor in 44.40 ms, found 0 plugins.
Preloading 0 native plugins for Editor in 0.00 ms.
Initialize engine version: 2020.2.3f1 (8ff31bc5bf5b)
[Subsystems] Discovering subsystems at path C:/Program Files/Unity/Hub/Editor/2020.2.3f1/Editor/Data/Resources/UnitySubsystems
[Subsystems] Discovering subsystems at path C:/Users/phili/OneDrive/Documents/Github/GE2-2020-2021/Game Engines 2 Examples 2021/Assets
GfxDevice: creating device client; threaded=0
Direct3D:
    Version:  Direct3D 11.0 [level 11.1]
    Renderer: NVIDIA GeForce RTX 2070 (ID=0x1f50)
    Vendor:   
    VRAM:     8031 MB
    Driver:   27.21.14.5655
Initialize mono
Mono path[0] = 'C:/Program Files/Unity/Hub/Editor/2020.2.3f1/Editor/Data/Managed'
Mono path[1] = 'C:/Program Files/Unity/Hub/Editor/2020.2.3f1/Editor/Data/MonoBleedingEdge/lib/mono/unityjit'
Mono config path = 'C:/Program Files/Unity/Hub/Editor/2020.2.3f1/Editor/Data/MonoBleedingEdge/etc'
Using monoOptions --debugger-agent=transport=dt_socket,embedding=1,server=y,suspend=n,address=127.0.0.1:56076
Begin MonoManager ReloadAssembly
Registering precompiled unity dll's ...
Register platform support module: C:/Program Files/Unity/Hub/Editor/2020.2.3f1/Editor/Data/PlaybackEngines/WebGLSupport/UnityEditor.WebGL.Extensions.dll
Register platform support module: C:/Program Files/Unity/Hub/Editor/2020.2.3f1/Editor/Data/PlaybackEngines/WindowsStandaloneSupport/UnityEditor.WindowsStandalone.Extensions.dll
Registered in 0.004059 seconds.
Native extension for WindowsStandalone target not found
Native extension for WebGL target not found
Refreshing native plugins compatible for Editor in 35.18 ms, found 0 plugins.
Preloading 0 native plugins for Editor in 0.00 ms.
Invoked RoslynAnalysisRunner static constructor.
RoslynAnalysisRunner will not be running.
RoslynAnalysisRunner has terminated.
Mono: successfully reloaded assembly
- Completed reload, in  1.418 seconds
Platform modules already initialized, skipping
Registering precompiled user dll's ...
Registered in 0.002938 seconds.
Begin MonoManager ReloadAssembly
Native extension for WindowsStandalone target not found
Native extension for WebGL target not found
Refreshing native plugins compatible for Editor in 0.42 ms, found 0 plugins.
Preloading 0 native plugins for Editor in 0.00 ms.
Invoked RoslynAnalysisRunner static constructor.
RoslynAnalysisRunner will not be running.
RoslynAnalysisRunner has terminated.
Mono: successfully reloaded assembly
- Completed reload, in  1.272 seconds
Platform modules already initialized, skipping
========================================================================
Worker process is ready to serve import requests
Launched and connected shader compiler UnityShaderCompiler.exe after 0.05 seconds
Refreshing native plugins compatible for Editor in 0.38 ms, found 0 plugins.
Preloading 0 native plugins for Editor in 0.00 ms.
Unloading 1382 Unused Serialized files (Serialized files now loaded: 0)
System memory in use before: 64.4 MB.
System memory in use after: 64.5 MB.

Unloading 33 unused Assets to reduce memory usage. Loaded Objects now: 1811.
Total: 2.279400 ms (FindLiveObjects: 0.227800 ms CreateObjectMapping: 0.072700 ms MarkObjects: 1.905100 ms  DeleteObjects: 0.072700 ms)

========================================================================
Received Import Request.
  path: Assets/Seek.cs
  artifactKey: Guid(79897c50126531d43b4a0cbde408b96d) Importer(815301076,1909f56bfc062723c751e8b465ee728b)
Start importing Assets/Seek.cs using Guid(79897c50126531d43b4a0cbde408b96d) Importer(815301076,1909f56bfc062723c751e8b465ee728b)  -> (artifact id: '96fa5f01484d52fa4b1da95447bd0b15') in 0.046147 seconds
  Import took 0.049247 seconds .

========================================================================
Received Import Request.
  Time since last request: 167.086578 seconds.
  path: Assets/SteeringBehaviour.cs
  artifactKey: Guid(297cd124878971c46b54beab2bb726c9) Importer(815301076,1909f56bfc062723c751e8b465ee728b)
Start importing Assets/SteeringBehaviour.cs using Guid(297cd124878971c46b54beab2bb726c9) Importer(815301076,1909f56bfc062723c751e8b465ee728b)  -> (artifact id: 'ba10aaa684ef0e784f89be9adfe7a9c0') in 0.006626 seconds
  Import took 0.009494 seconds .

========================================================================
Received Import Request.
  Time since last request: 0.000253 seconds.
  path: Assets/SteeringBehaviour.cs
  artifactKey: Guid(297cd124878971c46b54beab2bb726c9) Importer(815301076,1909f56bfc062723c751e8b465ee728b)
Start importing Assets/SteeringBehaviour.cs using Guid(297cd124878971c46b54beab2bb726c9) Importer(815301076,1909f56bfc062723c751e8b465ee728b)  -> (artifact id: 'ba10aaa684ef0e784f89be9adfe7a9c0') in 0.003312 seconds
  Import took 0.005365 seconds .

========================================================================
Received Import Request.
  Time since last request: 193.562475 seconds.
  path: Assets/Boid.cs
  artifactKey: Guid(ca72f3762818ae24991bed08eecca47a) Importer(815301076,1909f56bfc062723c751e8b465ee728b)
Start importing Assets/Boid.cs using Guid(ca72f3762818ae24991bed08eecca47a) Importer(815301076,1909f56bfc062723c751e8b465ee728b)  -> (artifact id: 'b537d13497a5b4bc93d742e7e5daace0') in 0.008503 seconds
  Import took 0.011120 seconds .

========================================================================
Received Import Request.
  Time since last request: 267.587370 seconds.
  path: Assets/Scenes
  artifactKey: Guid(e88556ebbab604a4e808813b6e53b270) Importer(815301076,1909f56bfc062723c751e8b465ee728b)
Start importing Assets/Scenes using Guid(e88556ebbab604a4e808813b6e53b270) Importer(815301076,1909f56bfc062723c751e8b465ee728b)  -> (artifact id: 'a1de4f348e9a5d7e6ebe53fac431a37c') in 0.008195 seconds
  Import took 0.010682 seconds .

========================================================================
Received Import Request.
  Time since last request: 1.329612 seconds.
  path: Assets/Scenes/Pursue.unity
  artifactKey: Guid(fd00966267147d5408a2e05c9ca45e1b) Importer(815301076,1909f56bfc062723c751e8b465ee728b)
Start importing Assets/Scenes/Pursue.unity using Guid(fd00966267147d5408a2e05c9ca45e1b) Importer(815301076,1909f56bfc062723c751e8b465ee728b)  -> (artifact id: '11708349e4880219e5436959dd7760d5') in 0.013168 seconds
  Import took 0.015196 seconds .

========================================================================
Received Import Request.
  Time since last request: 26.305033 seconds.
  path: Assets/Scenes/PursueAndPathFollowWithComponents.unity
  artifactKey: Guid(3ed0c7388a1298345b32d4f912444c2a) Importer(815301076,1909f56bfc062723c751e8b465ee728b)
Start importing Assets/Scenes/PursueAndPathFollowWithComponents.unity using Guid(3ed0c7388a1298345b32d4f912444c2a) Importer(815301076,1909f56bfc062723c751e8b465ee728b)  -> (artifact id: '0acebac8ed8b4a13bab7d9994f0a7f49') in 0.009438 seconds
  Import took 0.011526 seconds .

========================================================================
Received Import Request.
  Time since last request: 17.088353 seconds.
  path: Assets/Pursue.cs
  artifactKey: Guid(fec1e74d15be06644933c85a07ba3ed9) Importer(815301076,1909f56bfc062723c751e8b465ee728b)
Start importing Assets/Pursue.cs using Guid(fec1e74d15be06644933c85a07ba3ed9) Importer(815301076,1909f56bfc062723c751e8b465ee728b)  -> (artifact id: '251f1a82a414295c93c2ec7ef1323d88') in 0.007016 seconds
  Import took 0.009242 seconds .

AssetImportWorkerClient::OnTransportError - code=2 error=End of file
